This is pdfTeX, Version 3.1415926-2.5-1.40.14 (TeX Live 2013) (format=pdflatex 2018.2.26)  23 MAY 2018 17:09
entering extended mode
 restricted \write18 enabled.
 %&-line parsing enabled.
**LiteratureReview.tex
(./LiteratureReview.tex
LaTeX2e <2011/06/27>
Babel <v3.8m> and hyphenation patterns for english, dumylang, nohyphenation, lo
aded.
(/usr/share/texlive/texmf-dist/tex/latex/base/article.cls
Document Class: article 2007/10/19 v1.4h Standard LaTeX document class
(/usr/share/texlive/texmf-dist/tex/latex/base/size12.clo
File: size12.clo 2007/10/19 v1.4h Standard LaTeX file (size option)
)
\c@part=\count79
\c@section=\count80
\c@subsection=\count81
\c@subsubsection=\count82
\c@paragraph=\count83
\c@subparagraph=\count84
\c@figure=\count85
\c@table=\count86
\abovecaptionskip=\skip41
\belowcaptionskip=\skip42
\bibindent=\dimen102
) (./head.sty
Head style Version 1.0
\@HeadRuleHeight=\skip43
\@FootRuleHeight=\skip44
\@RuleSeparation=\skip45
\@HeadRuleSeparation=\skip46
\@FootRuleSeparation=\skip47
) (./fullpage.sty
Fullpage style Version 1.0
) (/usr/share/texlive/texmf-dist/tex/latex/graphics/graphicx.sty
Package: graphicx 1999/02/16 v1.0f Enhanced LaTeX Graphics (DPC,SPQR)

(/usr/share/texlive/texmf-dist/tex/latex/graphics/keyval.sty
Package: keyval 1999/03/16 v1.13 key=value parser (DPC)
\KV@toks@=\toks14
)
(/usr/share/texlive/texmf-dist/tex/latex/graphics/graphics.sty
Package: graphics 2009/02/05 v1.0o Standard LaTeX Graphics (DPC,SPQR)

(/usr/share/texlive/texmf-dist/tex/latex/graphics/trig.sty
Package: trig 1999/03/16 v1.09 sin cos tan (DPC)
)
(/usr/share/texlive/texmf-dist/tex/latex/latexconfig/graphics.cfg
File: graphics.cfg 2010/04/23 v1.9 graphics configuration of TeX Live
)
Package graphics Info: Driver file: pdftex.def on input line 91.

(/usr/share/texlive/texmf-dist/tex/latex/pdftex-def/pdftex.def
File: pdftex.def 2011/05/27 v0.06d Graphics/color for pdfTeX

(/usr/share/texlive/texmf-dist/tex/generic/oberdiek/infwarerr.sty
Package: infwarerr 2010/04/08 v1.3 Providing info/warning/error messages (HO)
)
(/usr/share/texlive/texmf-dist/tex/generic/oberdiek/ltxcmds.sty
Package: ltxcmds 2011/11/09 v1.22 LaTeX kernel commands for general use (HO)
)
\Gread@gobject=\count87
))
\Gin@req@height=\dimen103
\Gin@req@width=\dimen104
)
(/usr/share/texlive/texmf-dist/tex/latex/caption/subcaption.sty
Package: subcaption 2013/02/03 v1.1-62 Sub-captions (AR)

(/usr/share/texlive/texmf-dist/tex/latex/caption/caption.sty
Package: caption 2013/02/03 v3.3-65 Customizing captions (AR)

(/usr/share/texlive/texmf-dist/tex/latex/caption/caption3.sty
Package: caption3 2013/02/03 v1.5-62 caption3 kernel (AR)
\captionmargin=\dimen105
\captionmargin@=\dimen106
\captionwidth=\dimen107
\caption@tempdima=\dimen108
\caption@indent=\dimen109
\caption@parindent=\dimen110
\caption@hangindent=\dimen111
)
\c@ContinuedFloat=\count88
)
\c@subfigure=\count89
\c@subtable=\count90
)
(/usr/share/texlive/texmf-dist/tex/latex/datetime/datetime.sty
Package: datetime 2010/09/21 v2.58 Date Time Package

(/usr/share/texlive/texmf-dist/tex/latex/fmtcount/fmtcount.sty
Package: fmtcount 2012/10/24 v2.02

(/usr/share/texlive/texmf-dist/tex/latex/base/ifthen.sty
Package: ifthen 2001/05/26 v1.1c Standard LaTeX ifthen package (DPC)
)
(/usr/share/texlive/texmf-dist/tex/latex/etoolbox/etoolbox.sty
Package: etoolbox 2011/01/03 v2.1 e-TeX tools for LaTeX

(/usr/share/texlive/texmf-dist/tex/latex/etex-pkg/etex.sty
Package: etex 1998/03/26 v2.0 eTeX basic definition package (PEB)
\et@xins=\count91
)
\etb@tempcnta=\count92
)
(/usr/share/texlive/texmf-dist/tex/latex/fmtcount/fcprefix.sty
Package: fcprefix 2012/09/28

(/usr/share/texlive/texmf-dist/tex/latex/fmtcount/fcnumparser.sty
Package: fcnumparser 2012/09/28
\fc@digit@counter=\count93
))
(/usr/share/texlive/texmf-dist/tex/latex/amsmath/amsgen.sty
File: amsgen.sty 1999/11/30 v2.0
\@emptytoks=\toks15
\ex@=\dimen112
)
\c@padzeroesN=\count94
\fc@tmpcatcode=\count95
\@DT@modctr=\count96
\@ordinalctr=\count97
\@orgargctr=\count98
\@strctr=\count99
\@tmpstrctr=\count100
\@DT@loopN=\count101
\@DT@X=\count102

(/usr/share/texlive/texmf-dist/tex/latex/fmtcount/fc-english.def
File: fc-english.def 2012/06/18
))
\@day=\count103
\@month=\count104
\@year=\count105
\c@HOUR=\count106
\c@HOURXII=\count107
\c@MINUTE=\count108
\c@TOHOUR=\count109
\c@TOMINUTE=\count110
\c@SECOND=\count111
\currenthour=\count112
\currentminute=\count113
\currentsecond=\count114
Package datetime Info: No datetime.cfg file found, using default settings on in
put line 292.
\@dtctr=\count115
\dayofyear=\count116
\dayofweek=\count117
LaTeX Info: Redefining \today on input line 724.
\dt@a=\toks16
\dt@b=\toks17
)
(/usr/share/texlive/texmf-dist/tex/latex/float/float.sty
Package: float 2001/11/08 v1.3d Float enhancements (AL)
\c@float@type=\count118
\float@exts=\toks18
\float@box=\box26
\@float@everytoks=\toks19
\@floatcapt=\box27
)
(./LiteratureReview.aux)
\openout1 = `LiteratureReview.aux'.

LaTeX Font Info:    Checking defaults for OML/cmm/m/it on input line 36.
LaTeX Font Info:    ... okay on input line 36.
LaTeX Font Info:    Checking defaults for T1/cmr/m/n on input line 36.
LaTeX Font Info:    ... okay on input line 36.
LaTeX Font Info:    Checking defaults for OT1/cmr/m/n on input line 36.
LaTeX Font Info:    ... okay on input line 36.
LaTeX Font Info:    Checking defaults for OMS/cmsy/m/n on input line 36.
LaTeX Font Info:    ... okay on input line 36.
LaTeX Font Info:    Checking defaults for OMX/cmex/m/n on input line 36.
LaTeX Font Info:    ... okay on input line 36.
LaTeX Font Info:    Checking defaults for U/cmr/m/n on input line 36.
LaTeX Font Info:    ... okay on input line 36.

(/usr/share/texlive/texmf-dist/tex/context/base/supp-pdf.mkii
[Loading MPS to PDF converter (version 2006.09.02).]
\scratchcounter=\count119
\scratchdimen=\dimen113
\scratchbox=\box28
\nofMPsegments=\count120
\nofMParguments=\count121
\everyMPshowfont=\toks20
\MPscratchCnt=\count122
\MPscratchDim=\dimen114
\MPnumerator=\count123
\makeMPintoPDFobject=\count124
\everyMPtoPDFconversion=\toks21
) (/usr/share/texlive/texmf-dist/tex/generic/oberdiek/pdftexcmds.sty
Package: pdftexcmds 2011/11/29 v0.20 Utility functions of pdfTeX for LuaTeX (HO
)

(/usr/share/texlive/texmf-dist/tex/generic/oberdiek/ifluatex.sty
Package: ifluatex 2010/03/01 v1.3 Provides the ifluatex switch (HO)
Package ifluatex Info: LuaTeX not detected.
)
(/usr/share/texlive/texmf-dist/tex/generic/oberdiek/ifpdf.sty
Package: ifpdf 2011/01/30 v2.3 Provides the ifpdf switch (HO)
Package ifpdf Info: pdfTeX in PDF mode is detected.
)
Package pdftexcmds Info: LuaTeX not detected.
Package pdftexcmds Info: \pdf@primitive is available.
Package pdftexcmds Info: \pdf@ifprimitive is available.
Package pdftexcmds Info: \pdfdraftmode found.
)
(/usr/share/texlive/texmf-dist/tex/latex/oberdiek/epstopdf-base.sty
Package: epstopdf-base 2010/02/09 v2.5 Base part for package epstopdf

(/usr/share/texlive/texmf-dist/tex/latex/oberdiek/grfext.sty
Package: grfext 2010/08/19 v1.1 Manage graphics extensions (HO)

(/usr/share/texlive/texmf-dist/tex/generic/oberdiek/kvdefinekeys.sty
Package: kvdefinekeys 2011/04/07 v1.3 Define keys (HO)
))
(/usr/share/texlive/texmf-dist/tex/latex/oberdiek/kvoptions.sty
Package: kvoptions 2011/06/30 v3.11 Key value format for package options (HO)

(/usr/share/texlive/texmf-dist/tex/generic/oberdiek/kvsetkeys.sty
Package: kvsetkeys 2012/04/25 v1.16 Key value parser (HO)

(/usr/share/texlive/texmf-dist/tex/generic/oberdiek/etexcmds.sty
Package: etexcmds 2011/02/16 v1.5 Avoid name clashes with e-TeX commands (HO)
Package etexcmds Info: Could not find \expanded.
(etexcmds)             That can mean that you are not using pdfTeX 1.50 or
(etexcmds)             that some package has redefined \expanded.
(etexcmds)             In the latter case, load this package earlier.
)))
Package grfext Info: Graphics extension search list:
(grfext)             [.png,.pdf,.jpg,.mps,.jpeg,.jbig2,.jb2,.PNG,.PDF,.JPG,.JPE
G,.JBIG2,.JB2,.eps]
(grfext)             \AppendGraphicsExtensions on input line 452.

(/usr/share/texlive/texmf-dist/tex/latex/latexconfig/epstopdf-sys.cfg
File: epstopdf-sys.cfg 2010/07/13 v1.3 Configuration of (r)epstopdf for TeX Liv
e
))
Package caption Info: Begin \AtBeginDocument code.
Package caption Info: float package is loaded.
Package caption Info: End \AtBeginDocument code.

<crest.pdf, id=1, 362.35374pt x 363.3575pt>
File: crest.pdf Graphic file (type pdf)
 <use crest.pdf>
Package pdftex.def Info: crest.pdf used on input line 44.
(pdftex.def)             Requested size: 113.81102pt x 114.12555pt.
 [1

{/usr/share/texlive/texmf/fonts/map/pdftex/updmap/pdftex.map} <./crest.pdf>]
(./LiteratureReview.toc
LaTeX Font Info:    External font `cmex10' loaded for size
(Font)              <12> on input line 3.
LaTeX Font Info:    External font `cmex10' loaded for size
(Font)              <8> on input line 3.
LaTeX Font Info:    External font `cmex10' loaded for size
(Font)              <6> on input line 3.
)
\tf@toc=\write3
\openout3 = `LiteratureReview.toc'.

 [1] [2]
<Zhang-microhab-gradient-cropped.png, id=23, 560.0925pt x 581.17125pt>
File: Zhang-microhab-gradient-cropped.png Graphic file (type png)

<use Zhang-microhab-gradient-cropped.png>
Package pdftex.def Info: Zhang-microhab-gradient-cropped.png used on input line
 196.
(pdftex.def)             Requested size: 227.62204pt x 236.18892pt.


LaTeX Warning: `h' float specifier changed to `ht'.

<Zhang-microhab-gradient-growth-graph.png, id=25, 414.04688pt x 335.00156pt>
File: Zhang-microhab-gradient-growth-graph.png Graphic file (type png)

<use Zhang-microhab-gradient-growth-graph.png>
Package pdftex.def Info: Zhang-microhab-gradient-growth-graph.png used on input
 line 209.
(pdftex.def)             Requested size: 284.52756pt x 230.21587pt.


LaTeX Warning: `h' float specifier changed to `ht'.

[3] <F2-large.jpg, id=31, 1166.3575pt x 1284.8pt>
File: F2-large.jpg Graphic file (type jpg)
 <use F2-large.jpg>
Package pdftex.def Info: F2-large.jpg used on input line 234.
(pdftex.def)             Requested size: 247.96782pt x 273.14662pt.


LaTeX Warning: `h' float specifier changed to `ht'.

[4 <./Zhang-microhab-gradient-cropped.png>] [5 <./Zhang-microhab-gradient-growt
h-graph.png>] <greulich-geno-distbs.png, id=42, 833.1125pt x 326.21875pt>
File: greulich-geno-distbs.png Graphic file (type png)

<use greulich-geno-distbs.png>
Package pdftex.def Info: greulich-geno-distbs.png used on input line 292.
(pdftex.def)             Requested size: 406.93205pt x 159.3356pt.
 [6 <./F2-large.jpg>] [7 <./greulich-geno-distbs.png>] [8] <Pamp-dead-biof-insi
de.png, id=55, 494.59781pt x 293.59688pt>
File: Pamp-dead-biof-inside.png Graphic file (type png)

<use Pamp-dead-biof-inside.png>
Package pdftex.def Info: Pamp-dead-biof-inside.png used on input line 400.
(pdftex.def)             Requested size: 278.0068pt x 165.02606pt.
 [9 <./Pamp-dead-biof-inside.png>] [10]
<simple-slowGrowers-S_Vs_C-contours.png, id=63, 1003.75pt x 752.8125pt>
File: simple-slowGrowers-S_Vs_C-contours.png Graphic file (type png)

<use simple-slowGrowers-S_Vs_C-contours.png>
Package pdftex.def Info: simple-slowGrowers-S_Vs_C-contours.png used on input l
ine 536.
(pdftex.def)             Requested size: 221.95674pt x 166.46928pt.

<simple-fastGrowers-S_Vs_C-contours.png, id=64, 1003.75pt x 752.8125pt>
File: simple-fastGrowers-S_Vs_C-contours.png Graphic file (type png)

<use simple-fastGrowers-S_Vs_C-contours.png>
Package pdftex.def Info: simple-fastGrowers-S_Vs_C-contours.png used on input l
ine 541.
(pdftex.def)             Requested size: 221.95674pt x 166.46928pt.
 [11]
<simple-slowGrowers-S_Vs_Alpha-contours.png, id=69, 1003.75pt x 752.8125pt>
File: simple-slowGrowers-S_Vs_Alpha-contours.png Graphic file (type png)

<use simple-slowGrowers-S_Vs_Alpha-contours.png>
Package pdftex.def Info: simple-slowGrowers-S_Vs_Alpha-contours.png used on inp
ut line 555.
(pdftex.def)             Requested size: 221.95674pt x 166.46928pt.

<simple-fastGrowers-S_Vs_Alpha-contours.png, id=70, 1003.75pt x 752.8125pt>
File: simple-fastGrowers-S_Vs_Alpha-contours.png Graphic file (type png)

<use simple-fastGrowers-S_Vs_Alpha-contours.png>
Package pdftex.def Info: simple-fastGrowers-S_Vs_Alpha-contours.png used on inp
ut line 560.
(pdftex.def)             Requested size: 221.95674pt x 166.46928pt.
 [12 <./simple-slowGrowers-S_Vs_C-contours.png> <./simple-fastGrowers-S_Vs_C-co
ntours.png> <./simple-slowGrowers-S_Vs_Alpha-contours.png> <./simple-fastGrower
s-S_Vs_Alpha-contours.png>]
<simple-slowGrowers-alpha=0_004884694070738408-spatialDistb.png, id=75, 1003.75
pt x 752.8125pt>
File: simple-slowGrowers-alpha=0_004884694070738408-spatialDistb.png Graphic fi
le (type png)

<use simple-slowGrowers-alpha=0_004884694070738408-spatialDistb.png>
Package pdftex.def Info: simple-slowGrowers-alpha=0_004884694070738408-spatialD
istb.png used on input line 588.
(pdftex.def)             Requested size: 135.89174pt x 101.91248pt.

<simple-flatGrowers-alpha=0_004884694070738408-spatialDistb.png, id=76, 1003.75
pt x 752.8125pt>
File: simple-flatGrowers-alpha=0_004884694070738408-spatialDistb.png Graphic fi
le (type png)

<use simple-flatGrowers-alpha=0_004884694070738408-spatialDistb.png>
Package pdftex.def Info: simple-flatGrowers-alpha=0_004884694070738408-spatialD
istb.png used on input line 593.
(pdftex.def)             Requested size: 135.89174pt x 101.91248pt.

<simple-fastGrowers-alpha=0_004884694070738408-spatialDistb.png, id=77, 1003.75
pt x 752.8125pt>
File: simple-fastGrowers-alpha=0_004884694070738408-spatialDistb.png Graphic fi
le (type png)

<use simple-fastGrowers-alpha=0_004884694070738408-spatialDistb.png>
Package pdftex.def Info: simple-fastGrowers-alpha=0_004884694070738408-spatialD
istb.png used on input line 598.
(pdftex.def)             Requested size: 135.89174pt x 101.91248pt.
 [13 <./simple-slowGrowers-alpha=0_004884694070738408-spatialDistb.png> <./simp
le-flatGrowers-alpha=0_004884694070738408-spatialDistb.png> <./simple-fastGrowe
rs-alpha=0_004884694070738408-spatialDistb.png>]
<multispecies-snapshot.png, id=81, 1003.75pt x 586.19pt>
File: multispecies-snapshot.png Graphic file (type png)

<use multispecies-snapshot.png>
Package pdftex.def Info: multispecies-snapshot.png used on input line 638.
(pdftex.def)             Requested size: 282.56436pt x 165.02606pt.
 [14 <./multispecies-snapshot.png>]
<Matsumoto-biofilm-simulation.png, id=86, 783.67781pt x 256.70906pt>
File: Matsumoto-biofilm-simulation.png Graphic file (type png)

<use Matsumoto-biofilm-simulation.png>
Package pdftex.def Info: Matsumoto-biofilm-simulation.png used on input line 66
9.
(pdftex.def)             Requested size: 452.96788pt x 148.38213pt.
 [15 <./Matsumoto-biofilm-simulation.png>] [16] (./LiteratureReview.bbl
Missing character: There is no ‚ in font cmr12!
Missing character: There is no Ä in font cmr12!
Missing character: There is no ò in font cmr12!
Missing character: There is no ‚ in font cmr12!
Missing character: There is no Ä in font cmr12!
Missing character: There is no ô in font cmr12!
Missing character: There is no ‚ in font cmr12!
Missing character: There is no Ä in font cmr12!
Missing character: There is no ì in font cmr12!
Missing character: There is no √ in font cmr12!
Missing character: There is no ≠ in font cmr12!
Missing character: There is no ‚ in font cmr12!
Missing character: There is no Ä in font cmr12!
Missing character: There is no ê in font cmr12!
Missing character: There is no √ in font cmr12!
Missing character: There is no Ö in font cmr12!
 [17]
Missing character: There is no Œ in font cmr12!
Missing character: There is no ≤ in font cmr12!
Missing character: There is no ‚ in font cmr12!
Missing character: There is no Ä in font cmr12!
Missing character: There is no ê in font cmr12!
Missing character: There is no ‚ in font cmr12!
Missing character: There is no Ä in font cmr12!
Missing character: There is no ê in font cmr12!
Missing character: There is no Œ in font cmr12!
Missing character: There is no ≤ in font cmr12!
Missing character: There is no ‚ in font cmr12!
Missing character: There is no Ä in font cmr12!
Missing character: There is no ê in font cmr12!
Missing character: There is no ‚ in font cmr12!
Missing character: There is no Ä in font cmr12!
Missing character: There is no ê in font cmr12!
Missing character: There is no ‚ in font cmr12!
Missing character: There is no Ä in font cmr12!
Missing character: There is no ê in font cmr12!
Missing character: There is no ‚ in font cmr12!
Missing character: There is no Ä in font cmr12!
Missing character: There is no ê in font cmr12!
 [18]
Missing character: There is no ‚ in font cmr12!
Missing character: There is no Ä in font cmr12!
Missing character: There is no ô in font cmr12!
 [19]
Missing character: There is no ‚ in font cmr12!
Missing character: There is no Ä in font cmr12!
Missing character: There is no ê in font cmr12!
Missing character: There is no ‚ in font cmr12!
Missing character: There is no Ä in font cmr12!
Missing character: There is no ê in font cmr12!
Missing character: There is no ‚ in font cmr12!
Missing character: There is no Ä in font cmr12!
Missing character: There is no ì in font cmr12!
Missing character: There is no ‚ in font cmr12!
Missing character: There is no Ä in font cmr12!
Missing character: There is no î in font cmr12!
 [20]) [21]
(./LiteratureReview.aux) ) 
Here is how much of TeX's memory you used:
 3835 strings out of 495063
 60842 string characters out of 3182201
 126364 words of memory out of 3000000
 6954 multiletter control sequences out of 15000+200000
 9455 words of font info for 33 fonts, out of 3000000 for 9000
 14 hyphenation exceptions out of 8191
 42i,7n,40p,918b,417s stack positions out of 5000i,500n,10000p,200000b,50000s
</usr/share/texlive/texmf-dist/fonts/type1/public/ams
fonts/cm/cmbx10.pfb></usr/share/texlive/texmf-dist/fonts/type1/public/amsfonts/
cm/cmbx12.pfb></usr/share/texlive/texmf-dist/fonts/type1/public/amsfonts/cm/cmm
i12.pfb></usr/share/texlive/texmf-dist/fonts/type1/public/amsfonts/cm/cmmi8.pfb
></usr/share/texlive/texmf-dist/fonts/type1/public/amsfonts/cm/cmr10.pfb></usr/
share/texlive/texmf-dist/fonts/type1/public/amsfonts/cm/cmr12.pfb></usr/share/t
exlive/texmf-dist/fonts/type1/public/amsfonts/cm/cmr6.pfb></usr/share/texlive/t
exmf-dist/fonts/type1/public/amsfonts/cm/cmr8.pfb></usr/share/texlive/texmf-dis
t/fonts/type1/public/amsfonts/cm/cmsy10.pfb></usr/share/texlive/texmf-dist/font
s/type1/public/amsfonts/cm/cmsy8.pfb></usr/share/texlive/texmf-dist/fonts/type1
/public/amsfonts/cm/cmti12.pfb>
Output written on LiteratureReview.pdf (22 pages, 2373238 bytes).
PDF statistics:
 146 PDF objects out of 1000 (max. 8388607)
 88 compressed objects within 1 object stream
 0 named destinations out of 1000 (max. 500000)
 76 words of extra memory for PDF output out of 10000 (max. 10000000)

